INFO 2025-03-28 10:01:50,773 autoreload 34280 19560 Watching for file changes with StatReloader
INFO 2025-03-28 10:02:04,698 views 34280 12648 testing Logger!!!
INFO 2025-03-28 10:02:04,700 basehttp 34280 12648 "GET /home/ HTTP/1.1" 200 75
INFO 2025-03-28 11:02:19,411 autoreload 12680 22332 Watching for file changes with StatReloader
INFO 2025-03-28 11:02:47,658 autoreload 3292 32688 Watching for file changes with StatReloader
INFO 2025-03-28 11:02:59,358 autoreload 3292 32688 C:\Users\hiten\OneDrive\Desktop\Hiten\Practice\celery_proj\celery_proj\settings.py changed, reloading.
INFO 2025-03-28 11:03:00,211 autoreload 7340 19592 Watching for file changes with StatReloader
INFO 2025-03-28 11:03:25,421 autoreload 7340 19592 C:\Users\hiten\OneDrive\Desktop\Hiten\Practice\celery_proj\celery_proj\settings.py changed, reloading.
INFO 2025-03-28 11:03:26,335 autoreload 8584 10444 Watching for file changes with StatReloader
INFO 2025-03-28 11:15:26,897 autoreload 26992 2528 Watching for file changes with StatReloader
INFO 2025-03-28 11:18:08,032 autoreload 19560 37036 Watching for file changes with StatReloader
INFO 2025-03-28 11:19:48,692 autoreload 35096 36984 Watching for file changes with StatReloader
WARNING 2025-03-28 11:24:04,013 log 35096 16568 Not Acceptable: /file/upload/
WARNING 2025-03-28 11:24:04,016 basehttp 35096 16568 "POST /file/upload/ HTTP/1.1" 406 57
WARNING 2025-03-28 11:29:59,555 log 35096 16756 Bad Request: /file/upload/
WARNING 2025-03-28 11:29:59,557 basehttp 35096 16756 "POST /file/upload/ HTTP/1.1" 400 35
INFO 2025-03-28 11:32:31,269 basehttp 35096 30736 "POST /file/upload/ HTTP/1.1" 200 122
WARNING 2025-03-28 11:33:07,606 log 35096 30736 Not Found: /file/status/
WARNING 2025-03-28 11:33:07,607 basehttp 35096 30736 "GET /file/status/ HTTP/1.1" 404 3392
WARNING 2025-03-28 11:34:06,701 log 35096 39252 Not Found: /file/status/
WARNING 2025-03-28 11:34:06,702 basehttp 35096 39252 "GET /file/status/ HTTP/1.1" 404 3392
INFO 2025-03-28 11:34:18,977 basehttp 35096 39252 "GET /file/status/1 HTTP/1.1" 200 5277
INFO 2025-03-28 11:34:18,999 basehttp 35096 652 "GET /static/rest_framework/css/bootstrap-tweaks.css HTTP/1.1" 304 0
INFO 2025-03-28 11:34:19,002 basehttp 35096 39252 "GET /static/rest_framework/css/bootstrap.min.css HTTP/1.1" 304 0
INFO 2025-03-28 11:34:19,003 basehttp 35096 652 "GET /static/rest_framework/js/csrf.js HTTP/1.1" 304 0
INFO 2025-03-28 11:34:19,005 basehttp 35096 29160 "GET /static/rest_framework/css/default.css HTTP/1.1" 304 0
INFO 2025-03-28 11:34:19,008 basehttp 35096 652 "GET /static/rest_framework/js/prettify-min.js HTTP/1.1" 304 0
INFO 2025-03-28 11:34:19,009 basehttp 35096 39252 "GET /static/rest_framework/js/bootstrap.min.js HTTP/1.1" 304 0
INFO 2025-03-28 11:34:19,013 basehttp 35096 652 "GET /static/rest_framework/js/load-ajax-form.js HTTP/1.1" 304 0
INFO 2025-03-28 11:34:19,015 basehttp 35096 29160 "GET /static/rest_framework/js/default.js HTTP/1.1" 304 0
INFO 2025-03-28 11:34:19,016 basehttp 35096 19728 "GET /static/rest_framework/css/prettify.css HTTP/1.1" 304 0
INFO 2025-03-28 11:34:19,016 basehttp 35096 23888 "GET /static/rest_framework/js/jquery-3.7.1.min.js HTTP/1.1" 304 0
INFO 2025-03-28 11:34:19,017 basehttp 35096 26384 "GET /static/rest_framework/js/ajax-form.js HTTP/1.1" 304 0
INFO 2025-03-28 11:34:19,020 basehttp 35096 26384 "GET /static/rest_framework/img/grid.png HTTP/1.1" 304 0
INFO 2025-03-28 11:35:15,889 basehttp 35096 26384 "GET /file/status/1 HTTP/1.1" 200 5277
INFO 2025-03-28 11:41:11,286 basehttp 35096 42524 "GET /file/status/1 HTTP/1.1" 200 5277
INFO 2025-03-28 11:52:25,217 autoreload 18704 15676 Watching for file changes with StatReloader
INFO 2025-03-28 11:54:17,377 basehttp 18704 28492 "POST /file/upload/ HTTP/1.1" 200 122
INFO 2025-03-28 11:54:23,847 basehttp 18704 39952 "GET /file/status/2 HTTP/1.1" 200 5279
INFO 2025-03-28 11:54:29,578 basehttp 18704 39952 "GET /file/status/2 HTTP/1.1" 200 5279
INFO 2025-03-28 11:54:35,196 basehttp 18704 39952 "GET /file/status/2 HTTP/1.1" 200 5279
INFO 2025-03-28 11:55:32,457 basehttp 18704 39952 "GET /file/status/2 HTTP/1.1" 200 5279
INFO 2025-03-28 11:55:36,497 basehttp 18704 39952 "GET /file/status/2 HTTP/1.1" 200 5279
INFO 2025-03-28 11:56:59,254 basehttp 18704 39952 "GET /file/status/2 HTTP/1.1" 200 5279
INFO 2025-03-28 11:57:00,383 basehttp 18704 39952 "GET /file/status/2 HTTP/1.1" 200 5279
INFO 2025-03-28 11:58:15,265 basehttp 18704 39952 "GET /file/status/2 HTTP/1.1" 200 5279
INFO 2025-03-28 11:58:16,603 basehttp 18704 39952 "GET /file/status/2 HTTP/1.1" 200 5279
INFO 2025-03-28 12:04:03,943 basehttp 18704 35424 "GET /admin/ HTTP/1.1" 302 0
INFO 2025-03-28 12:04:03,992 basehttp 18704 35424 "GET /admin/login/?next=/admin/ HTTP/1.1" 200 4160
INFO 2025-03-28 12:04:04,362 basehttp 18704 5892 "GET /static/admin/css/dark_mode.css HTTP/1.1" 200 2804
INFO 2025-03-28 12:04:04,365 basehttp 18704 35424 "GET /static/admin/css/base.css HTTP/1.1" 200 22092
INFO 2025-03-28 12:04:04,417 basehttp 18704 8720 "GET /static/admin/js/theme.js HTTP/1.1" 200 1653
INFO 2025-03-28 12:04:04,424 basehttp 18704 2748 "GET /static/admin/css/nav_sidebar.css HTTP/1.1" 200 2810
INFO 2025-03-28 12:04:04,425 basehttp 18704 8720 "GET /static/admin/js/nav_sidebar.js HTTP/1.1" 200 3063
INFO 2025-03-28 12:04:04,429 basehttp 18704 23188 "GET /static/admin/css/login.css HTTP/1.1" 200 951
INFO 2025-03-28 12:04:04,433 basehttp 18704 27688 "GET /static/admin/css/responsive.css HTTP/1.1" 200 17972
INFO 2025-03-28 12:04:13,374 basehttp 18704 27688 "POST /admin/login/?next=/admin/ HTTP/1.1" 302 0
INFO 2025-03-28 12:04:13,403 basehttp 18704 27688 "GET /admin/ HTTP/1.1" 200 11433
INFO 2025-03-28 12:04:13,411 basehttp 18704 27688 "GET /static/admin/css/dashboard.css HTTP/1.1" 200 441
INFO 2025-03-28 12:04:13,418 basehttp 18704 27688 "GET /static/admin/img/icon-addlink.svg HTTP/1.1" 200 331
INFO 2025-03-28 12:04:13,418 basehttp 18704 23188 "GET /static/admin/img/icon-changelink.svg HTTP/1.1" 200 380
INFO 2025-03-28 12:04:29,860 basehttp 18704 23188 "GET /admin/auth/group/ HTTP/1.1" 200 11590
INFO 2025-03-28 12:04:29,872 basehttp 18704 35424 "GET /static/admin/js/core.js HTTP/1.1" 200 6208
INFO 2025-03-28 12:04:29,875 basehttp 18704 5892 "GET /static/admin/js/admin/RelatedObjectLookups.js HTTP/1.1" 200 9097
INFO 2025-03-28 12:04:29,877 basehttp 18704 23188 "GET /static/admin/css/changelists.css HTTP/1.1" 200 6878
INFO 2025-03-28 12:04:29,880 basehttp 18704 5892 "GET /static/admin/js/prepopulate.js HTTP/1.1" 200 1531
INFO 2025-03-28 12:04:29,880 basehttp 18704 35424 "GET /static/admin/js/actions.js HTTP/1.1" 200 8076
INFO 2025-03-28 12:04:29,880 basehttp 18704 2748 "GET /static/admin/js/jquery.init.js HTTP/1.1" 200 347
INFO 2025-03-28 12:04:29,885 basehttp 18704 23188 "GET /static/admin/js/urlify.js HTTP/1.1" 200 7887
INFO 2025-03-28 12:04:29,889 basehttp 18704 2748 "GET /static/admin/img/search.svg HTTP/1.1" 200 458
INFO 2025-03-28 12:04:29,890 basehttp 18704 27688 "GET /admin/jsi18n/ HTTP/1.1" 200 3342
INFO 2025-03-28 12:04:29,893 basehttp 18704 8720 "GET /static/admin/js/vendor/jquery/jquery.js HTTP/1.1" 200 285314
INFO 2025-03-28 12:04:29,894 basehttp 18704 5892 "GET /static/admin/js/vendor/xregexp/xregexp.js HTTP/1.1" 200 325171
INFO 2025-03-28 12:04:29,899 basehttp 18704 5892 "GET /static/admin/js/filters.js HTTP/1.1" 200 978
INFO 2025-03-28 12:04:29,921 basehttp 18704 5892 "GET /static/admin/img/tooltag-add.svg HTTP/1.1" 200 331
INFO 2025-03-28 12:04:31,326 basehttp 18704 5892 "GET /admin/auth/user/ HTTP/1.1" 200 15155
INFO 2025-03-28 12:04:31,338 basehttp 18704 5892 "GET /admin/jsi18n/ HTTP/1.1" 200 3342
INFO 2025-03-28 12:04:31,339 basehttp 18704 8720 "GET /static/admin/img/icon-yes.svg HTTP/1.1" 200 436
INFO 2025-03-28 12:04:31,358 basehttp 18704 8720 "GET /static/admin/img/sorting-icons.svg HTTP/1.1" 200 1097
INFO 2025-03-28 12:04:31,360 basehttp 18704 5892 "GET /static/admin/img/icon-viewlink.svg HTTP/1.1" 200 581
WARNING 2025-03-28 12:04:43,872 log 18704 5892 Not Found: /
WARNING 2025-03-28 12:04:43,873 basehttp 18704 5892 "GET / HTTP/1.1" 404 2937
INFO 2025-03-28 12:04:46,522 basehttp 18704 5892 "GET /admin/auth/user/ HTTP/1.1" 200 15155
INFO 2025-03-28 12:05:20,018 basehttp 18704 5892 "GET /file/status/2 HTTP/1.1" 200 5313
INFO 2025-03-28 12:05:20,988 basehttp 18704 5892 "GET /file/status/2 HTTP/1.1" 200 5313
INFO 2025-03-28 12:05:21,194 basehttp 18704 5892 "GET /file/status/2 HTTP/1.1" 200 5313
INFO 2025-03-28 12:05:21,412 basehttp 18704 5892 "GET /file/status/2 HTTP/1.1" 200 5313
INFO 2025-03-28 12:06:31,756 autoreload 18704 15676 C:\Users\hiten\OneDrive\Desktop\Hiten\Practice\celery_proj\file_processor\admin.py changed, reloading.
INFO 2025-03-28 12:06:32,636 autoreload 20904 10216 Watching for file changes with StatReloader
INFO 2025-03-28 12:06:40,263 autoreload 20904 10216 C:\Users\hiten\OneDrive\Desktop\Hiten\Practice\celery_proj\file_processor\admin.py changed, reloading.
INFO 2025-03-28 12:06:41,160 autoreload 20100 16448 Watching for file changes with StatReloader
INFO 2025-03-28 12:06:49,020 autoreload 20100 16448 C:\Users\hiten\OneDrive\Desktop\Hiten\Practice\celery_proj\file_processor\admin.py changed, reloading.
INFO 2025-03-28 12:06:49,852 autoreload 21496 16644 Watching for file changes with StatReloader
INFO 2025-03-28 12:06:51,232 autoreload 21496 16644 C:\Users\hiten\OneDrive\Desktop\Hiten\Practice\celery_proj\file_processor\admin.py changed, reloading.
INFO 2025-03-28 12:06:52,059 autoreload 9456 28372 Watching for file changes with StatReloader
INFO 2025-03-28 12:07:18,635 autoreload 16168 26124 Watching for file changes with StatReloader
INFO 2025-03-28 12:07:31,889 basehttp 16168 26288 "POST /file/upload/ HTTP/1.1" 200 122
INFO 2025-03-28 12:07:40,116 basehttp 16168 31600 "GET /admin/auth/user/ HTTP/1.1" 200 15902
INFO 2025-03-28 12:07:40,126 basehttp 16168 31600 "GET /admin/jsi18n/ HTTP/1.1" 200 3342
INFO 2025-03-28 12:07:42,552 basehttp 16168 31600 "GET /admin/file_processor/uploadedfile/ HTTP/1.1" 200 14034
INFO 2025-03-28 12:07:42,563 basehttp 16168 31600 "GET /admin/jsi18n/ HTTP/1.1" 200 3342
INFO 2025-03-28 12:07:44,864 basehttp 16168 31600 "GET /admin/file_processor/uploadedfile/3/change/ HTTP/1.1" 200 14381
INFO 2025-03-28 12:07:44,875 basehttp 16168 19556 "GET /admin/jsi18n/ HTTP/1.1" 200 3342
INFO 2025-03-28 12:07:44,915 basehttp 16168 24656 "GET /static/admin/js/prepopulate_init.js HTTP/1.1" 200 586
INFO 2025-03-28 12:07:44,915 basehttp 16168 31600 "GET /static/admin/css/forms.css HTTP/1.1" 200 8794
INFO 2025-03-28 12:07:44,918 basehttp 16168 24656 "GET /static/admin/css/widgets.css HTTP/1.1" 200 11564
INFO 2025-03-28 12:07:44,919 basehttp 16168 31600 "GET /static/admin/js/change_form.js HTTP/1.1" 200 606
INFO 2025-03-28 12:08:56,358 autoreload 16168 26124 C:\Users\hiten\OneDrive\Desktop\Hiten\Practice\celery_proj\file_processor\tasks.py changed, reloading.
INFO 2025-03-28 12:08:57,828 autoreload 7888 9460 Watching for file changes with StatReloader
INFO 2025-03-28 12:09:11,665 basehttp 7888 5236 "POST /file/upload/ HTTP/1.1" 200 122
INFO 2025-03-28 12:09:25,678 basehttp 7888 9700 "GET /admin/file_processor/uploadedfile/3/change/ HTTP/1.1" 200 14381
INFO 2025-03-28 12:09:25,687 basehttp 7888 9700 "GET /admin/jsi18n/ HTTP/1.1" 200 3342
INFO 2025-03-28 12:09:25,863 basehttp 7888 9700 "GET /admin/file_processor/uploadedfile/3/change/ HTTP/1.1" 200 14381
INFO 2025-03-28 12:09:25,872 basehttp 7888 9700 "GET /admin/jsi18n/ HTTP/1.1" 200 3342
INFO 2025-03-28 12:09:27,833 basehttp 7888 9700 "GET /admin/file_processor/uploadedfile/ HTTP/1.1" 200 14343
INFO 2025-03-28 12:09:27,845 basehttp 7888 9700 "GET /admin/jsi18n/ HTTP/1.1" 200 3342
INFO 2025-03-28 12:09:29,548 basehttp 7888 9700 "GET /admin/file_processor/uploadedfile/4/change/ HTTP/1.1" 200 14381
INFO 2025-03-28 12:09:29,559 basehttp 7888 9700 "GET /admin/jsi18n/ HTTP/1.1" 200 3342
INFO 2025-03-28 12:11:28,345 autoreload 7888 9460 C:\Users\hiten\OneDrive\Desktop\Hiten\Practice\celery_proj\file_processor\tasks.py changed, reloading.
INFO 2025-03-28 12:11:29,523 autoreload 17008 36892 Watching for file changes with StatReloader
INFO 2025-03-28 12:11:31,048 autoreload 17008 36892 C:\Users\hiten\OneDrive\Desktop\Hiten\Practice\celery_proj\file_processor\tasks.py changed, reloading.
INFO 2025-03-28 12:11:31,866 autoreload 24300 18056 Watching for file changes with StatReloader
INFO 2025-03-28 12:11:33,432 autoreload 24300 18056 C:\Users\hiten\OneDrive\Desktop\Hiten\Practice\celery_proj\file_processor\tasks.py changed, reloading.
INFO 2025-03-28 12:11:34,271 autoreload 22484 17728 Watching for file changes with StatReloader
INFO 2025-03-28 12:11:35,748 autoreload 22484 17728 C:\Users\hiten\OneDrive\Desktop\Hiten\Practice\celery_proj\file_processor\tasks.py changed, reloading.
INFO 2025-03-28 12:11:36,558 autoreload 35884 2640 Watching for file changes with StatReloader
INFO 2025-03-28 12:11:41,257 autoreload 35884 2640 C:\Users\hiten\OneDrive\Desktop\Hiten\Practice\celery_proj\file_processor\tasks.py changed, reloading.
INFO 2025-03-28 12:11:42,146 autoreload 11948 8448 Watching for file changes with StatReloader
INFO 2025-03-28 12:11:43,699 autoreload 11948 8448 C:\Users\hiten\OneDrive\Desktop\Hiten\Practice\celery_proj\file_processor\tasks.py changed, reloading.
INFO 2025-03-28 12:11:44,516 autoreload 34336 21460 Watching for file changes with StatReloader
INFO 2025-03-28 12:11:51,342 autoreload 34336 21460 C:\Users\hiten\OneDrive\Desktop\Hiten\Practice\celery_proj\file_processor\tasks.py changed, reloading.
INFO 2025-03-28 12:11:52,191 autoreload 27852 35548 Watching for file changes with StatReloader
INFO 2025-03-28 12:11:53,706 autoreload 27852 35548 C:\Users\hiten\OneDrive\Desktop\Hiten\Practice\celery_proj\file_processor\tasks.py changed, reloading.
INFO 2025-03-28 12:11:54,532 autoreload 15276 14280 Watching for file changes with StatReloader
INFO 2025-03-28 12:11:56,040 autoreload 15276 14280 C:\Users\hiten\OneDrive\Desktop\Hiten\Practice\celery_proj\file_processor\tasks.py changed, reloading.
INFO 2025-03-28 12:11:56,851 autoreload 31176 8092 Watching for file changes with StatReloader
INFO 2025-03-28 12:12:00,535 autoreload 31176 8092 C:\Users\hiten\OneDrive\Desktop\Hiten\Practice\celery_proj\file_processor\tasks.py changed, reloading.
INFO 2025-03-28 12:12:01,339 autoreload 23444 12592 Watching for file changes with StatReloader
INFO 2025-03-28 12:12:07,110 autoreload 23444 12592 C:\Users\hiten\OneDrive\Desktop\Hiten\Practice\celery_proj\file_processor\tasks.py changed, reloading.
INFO 2025-03-28 12:12:07,910 autoreload 26804 33240 Watching for file changes with StatReloader
INFO 2025-03-28 12:12:10,489 autoreload 26804 33240 C:\Users\hiten\OneDrive\Desktop\Hiten\Practice\celery_proj\file_processor\tasks.py changed, reloading.
INFO 2025-03-28 12:12:11,298 autoreload 14780 4212 Watching for file changes with StatReloader
INFO 2025-03-28 12:12:19,193 autoreload 14780 4212 C:\Users\hiten\OneDrive\Desktop\Hiten\Practice\celery_proj\file_processor\tasks.py changed, reloading.
INFO 2025-03-28 12:12:20,052 autoreload 36580 40368 Watching for file changes with StatReloader
INFO 2025-03-28 12:12:41,956 basehttp 36580 1452 "POST /file/upload/ HTTP/1.1" 200 122
INFO 2025-03-28 12:38:28,616 basehttp 36580 28324 "POST /file/upload/ HTTP/1.1" 200 122
INFO 2025-03-28 12:38:37,787 basehttp 36580 28684 "GET /admin/file_processor/uploadedfile/ HTTP/1.1" 200 14961
INFO 2025-03-28 12:38:37,801 basehttp 36580 28684 "GET /admin/jsi18n/ HTTP/1.1" 200 3342
INFO 2025-03-28 12:38:39,645 basehttp 36580 28684 "GET /admin/file_processor/uploadedfile/6/change/ HTTP/1.1" 200 14381
INFO 2025-03-28 12:38:39,668 basehttp 36580 28684 "GET /admin/jsi18n/ HTTP/1.1" 200 3342
INFO 2025-03-28 12:41:07,378 autoreload 36580 40368 C:\Users\hiten\OneDrive\Desktop\Hiten\Practice\celery_proj\file_processor\tasks.py changed, reloading.
INFO 2025-03-28 12:41:08,263 autoreload 39248 4064 Watching for file changes with StatReloader
INFO 2025-03-28 12:41:53,744 autoreload 39248 4064 C:\Users\hiten\OneDrive\Desktop\Hiten\Practice\celery_proj\file_processor\tasks.py changed, reloading.
INFO 2025-03-28 12:41:54,606 autoreload 6996 3168 Watching for file changes with StatReloader
INFO 2025-03-28 12:42:20,992 basehttp 6996 4252 "POST /file/upload/ HTTP/1.1" 200 122
INFO 2025-03-28 12:42:26,793 basehttp 6996 8744 "GET /admin/file_processor/uploadedfile/ HTTP/1.1" 200 15270
INFO 2025-03-28 12:42:26,805 basehttp 6996 8744 "GET /admin/jsi18n/ HTTP/1.1" 200 3342
INFO 2025-03-28 12:42:29,184 basehttp 6996 8744 "GET /admin/file_processor/uploadedfile/7/change/ HTTP/1.1" 200 14381
INFO 2025-03-28 12:42:29,193 basehttp 6996 8744 "GET /admin/jsi18n/ HTTP/1.1" 200 3342
INFO 2025-03-28 12:47:29,763 autoreload 6996 3168 C:\Users\hiten\OneDrive\Desktop\Hiten\Practice\celery_proj\celery_proj\celery.py changed, reloading.
INFO 2025-03-28 12:47:30,833 autoreload 41772 33012 Watching for file changes with StatReloader
INFO 2025-03-28 13:00:49,187 basehttp 41772 26688 "POST /file/upload/ HTTP/1.1" 200 122
INFO 2025-03-28 13:02:06,942 autoreload 18516 39748 Watching for file changes with StatReloader
INFO 2025-03-28 13:02:12,086 basehttp 18516 24524 "POST /file/upload/ HTTP/1.1" 200 122
INFO 2025-03-28 13:02:41,342 basehttp 18516 21000 "GET /admin/file_processor/uploadedfile/ HTTP/1.1" 200 15888
INFO 2025-03-28 13:02:41,352 basehttp 18516 21000 "GET /admin/jsi18n/ HTTP/1.1" 200 3342
INFO 2025-03-28 13:02:42,663 basehttp 18516 21000 "GET /admin/file_processor/uploadedfile/9/change/ HTTP/1.1" 200 14381
INFO 2025-03-28 13:02:42,672 basehttp 18516 21000 "GET /admin/jsi18n/ HTTP/1.1" 200 3342
INFO 2025-03-28 13:02:53,344 basehttp 18516 21000 "GET /file/status/9 HTTP/1.1" 200 5321
INFO 2025-03-28 14:00:30,771 autoreload 18516 39748 C:\Users\hiten\OneDrive\Desktop\Hiten\Practice\celery_proj\file_processor\tasks.py changed, reloading.
INFO 2025-03-28 14:00:32,308 autoreload 12888 19844 Watching for file changes with StatReloader
INFO 2025-03-28 14:00:40,200 autoreload 12888 19844 C:\Users\hiten\OneDrive\Desktop\Hiten\Practice\celery_proj\file_processor\tasks.py changed, reloading.
INFO 2025-03-28 14:00:41,236 autoreload 11532 39152 Watching for file changes with StatReloader
INFO 2025-03-28 14:00:50,232 autoreload 11532 39152 C:\Users\hiten\OneDrive\Desktop\Hiten\Practice\celery_proj\file_processor\tasks.py changed, reloading.
INFO 2025-03-28 14:00:51,266 autoreload 24944 40704 Watching for file changes with StatReloader
INFO 2025-03-28 14:00:56,965 autoreload 24944 40704 C:\Users\hiten\OneDrive\Desktop\Hiten\Practice\celery_proj\file_processor\tasks.py changed, reloading.
INFO 2025-03-28 14:00:58,078 autoreload 33916 23112 Watching for file changes with StatReloader
INFO 2025-03-28 14:00:59,653 autoreload 33916 23112 C:\Users\hiten\OneDrive\Desktop\Hiten\Practice\celery_proj\file_processor\tasks.py changed, reloading.
INFO 2025-03-28 14:01:00,699 autoreload 15996 23424 Watching for file changes with StatReloader
INFO 2025-03-28 14:01:04,328 autoreload 15996 23424 C:\Users\hiten\OneDrive\Desktop\Hiten\Practice\celery_proj\file_processor\tasks.py changed, reloading.
INFO 2025-03-28 14:01:05,314 autoreload 1688 15292 Watching for file changes with StatReloader
INFO 2025-03-28 14:01:10,347 autoreload 1688 15292 C:\Users\hiten\OneDrive\Desktop\Hiten\Practice\celery_proj\file_processor\tasks.py changed, reloading.
INFO 2025-03-28 14:01:11,677 autoreload 9252 38612 Watching for file changes with StatReloader
INFO 2025-03-28 14:01:16,647 autoreload 9252 38612 C:\Users\hiten\OneDrive\Desktop\Hiten\Practice\celery_proj\file_processor\tasks.py changed, reloading.
INFO 2025-03-28 14:01:17,844 autoreload 35772 9360 Watching for file changes with StatReloader
INFO 2025-03-28 14:01:20,595 autoreload 35772 9360 C:\Users\hiten\OneDrive\Desktop\Hiten\Practice\celery_proj\file_processor\tasks.py changed, reloading.
INFO 2025-03-28 14:01:21,761 autoreload 37504 42528 Watching for file changes with StatReloader
INFO 2025-03-28 14:01:23,248 autoreload 37504 42528 C:\Users\hiten\OneDrive\Desktop\Hiten\Practice\celery_proj\file_processor\tasks.py changed, reloading.
INFO 2025-03-28 14:01:24,296 autoreload 19736 34260 Watching for file changes with StatReloader
INFO 2025-03-28 14:01:45,644 autoreload 19736 34260 C:\Users\hiten\OneDrive\Desktop\Hiten\Practice\celery_proj\file_processor\views.py changed, reloading.
INFO 2025-03-28 14:01:46,992 autoreload 7748 42600 Watching for file changes with StatReloader
INFO 2025-03-28 14:01:55,408 autoreload 7748 42600 C:\Users\hiten\OneDrive\Desktop\Hiten\Practice\celery_proj\file_processor\views.py changed, reloading.
INFO 2025-03-28 14:01:56,450 autoreload 28188 40848 Watching for file changes with StatReloader
INFO 2025-03-28 14:01:59,445 autoreload 28188 40848 C:\Users\hiten\OneDrive\Desktop\Hiten\Practice\celery_proj\file_processor\views.py changed, reloading.
INFO 2025-03-28 14:02:00,702 autoreload 37576 8380 Watching for file changes with StatReloader
INFO 2025-03-28 14:02:03,346 autoreload 37576 8380 C:\Users\hiten\OneDrive\Desktop\Hiten\Practice\celery_proj\file_processor\views.py changed, reloading.
INFO 2025-03-28 14:02:04,421 autoreload 2368 37688 Watching for file changes with StatReloader
INFO 2025-03-28 14:02:05,902 autoreload 2368 37688 C:\Users\hiten\OneDrive\Desktop\Hiten\Practice\celery_proj\file_processor\views.py changed, reloading.
INFO 2025-03-28 14:02:07,013 autoreload 29636 9120 Watching for file changes with StatReloader
INFO 2025-03-28 14:02:08,515 autoreload 29636 9120 C:\Users\hiten\OneDrive\Desktop\Hiten\Practice\celery_proj\file_processor\views.py changed, reloading.
INFO 2025-03-28 14:02:09,825 autoreload 18364 12724 Watching for file changes with StatReloader
INFO 2025-03-28 14:02:11,258 autoreload 18364 12724 C:\Users\hiten\OneDrive\Desktop\Hiten\Practice\celery_proj\file_processor\views.py changed, reloading.
INFO 2025-03-28 14:02:12,458 autoreload 41120 36268 Watching for file changes with StatReloader
INFO 2025-03-28 14:02:13,866 autoreload 41120 36268 C:\Users\hiten\OneDrive\Desktop\Hiten\Practice\celery_proj\file_processor\views.py changed, reloading.
INFO 2025-03-28 14:02:14,950 autoreload 18116 28888 Watching for file changes with StatReloader
INFO 2025-03-28 14:02:23,965 autoreload 18116 28888 C:\Users\hiten\OneDrive\Desktop\Hiten\Practice\celery_proj\file_processor\views.py changed, reloading.
INFO 2025-03-28 14:02:25,080 autoreload 22396 41672 Watching for file changes with StatReloader
INFO 2025-03-28 14:02:29,681 autoreload 22396 41672 C:\Users\hiten\OneDrive\Desktop\Hiten\Practice\celery_proj\file_processor\views.py changed, reloading.
INFO 2025-03-28 14:02:30,894 autoreload 10076 2088 Watching for file changes with StatReloader
INFO 2025-03-28 14:02:32,339 autoreload 10076 2088 C:\Users\hiten\OneDrive\Desktop\Hiten\Practice\celery_proj\file_processor\views.py changed, reloading.
INFO 2025-03-28 14:02:33,627 autoreload 29392 14844 Watching for file changes with StatReloader
INFO 2025-03-28 14:02:37,228 autoreload 29392 14844 C:\Users\hiten\OneDrive\Desktop\Hiten\Practice\celery_proj\file_processor\views.py changed, reloading.
INFO 2025-03-28 14:02:38,257 autoreload 25064 41492 Watching for file changes with StatReloader
INFO 2025-03-28 14:02:45,215 autoreload 25064 41492 C:\Users\hiten\OneDrive\Desktop\Hiten\Practice\celery_proj\file_processor\views.py changed, reloading.
INFO 2025-03-28 14:02:46,353 autoreload 39944 40584 Watching for file changes with StatReloader
INFO 2025-03-28 14:02:48,167 autoreload 39944 40584 C:\Users\hiten\OneDrive\Desktop\Hiten\Practice\celery_proj\file_processor\views.py changed, reloading.
INFO 2025-03-28 14:02:49,439 autoreload 17236 40364 Watching for file changes with StatReloader
INFO 2025-03-28 14:02:55,158 autoreload 17236 40364 C:\Users\hiten\OneDrive\Desktop\Hiten\Practice\celery_proj\file_processor\views.py changed, reloading.
INFO 2025-03-28 14:02:56,339 autoreload 7660 21568 Watching for file changes with StatReloader
INFO 2025-03-28 14:03:01,051 autoreload 7660 21568 C:\Users\hiten\OneDrive\Desktop\Hiten\Practice\celery_proj\file_processor\views.py changed, reloading.
INFO 2025-03-28 14:03:02,387 autoreload 27720 1820 Watching for file changes with StatReloader
INFO 2025-03-28 14:03:04,132 autoreload 27720 1820 C:\Users\hiten\OneDrive\Desktop\Hiten\Practice\celery_proj\file_processor\views.py changed, reloading.
INFO 2025-03-28 14:03:05,276 autoreload 33420 39508 Watching for file changes with StatReloader
INFO 2025-03-28 14:03:10,416 autoreload 33420 39508 C:\Users\hiten\OneDrive\Desktop\Hiten\Practice\celery_proj\file_processor\views.py changed, reloading.
INFO 2025-03-28 14:03:11,465 autoreload 20680 25124 Watching for file changes with StatReloader
INFO 2025-03-28 14:03:13,199 autoreload 20680 25124 C:\Users\hiten\OneDrive\Desktop\Hiten\Practice\celery_proj\file_processor\views.py changed, reloading.
INFO 2025-03-28 14:03:14,468 autoreload 23824 14648 Watching for file changes with StatReloader
INFO 2025-03-28 14:03:19,587 autoreload 23824 14648 C:\Users\hiten\OneDrive\Desktop\Hiten\Practice\celery_proj\file_processor\views.py changed, reloading.
INFO 2025-03-28 14:03:20,614 autoreload 26020 29020 Watching for file changes with StatReloader
INFO 2025-03-28 14:03:22,339 autoreload 26020 29020 C:\Users\hiten\OneDrive\Desktop\Hiten\Practice\celery_proj\file_processor\views.py changed, reloading.
INFO 2025-03-28 14:03:23,412 autoreload 9044 20568 Watching for file changes with StatReloader
INFO 2025-03-28 14:03:32,978 autoreload 9044 20568 C:\Users\hiten\OneDrive\Desktop\Hiten\Practice\celery_proj\file_processor\views.py changed, reloading.
INFO 2025-03-28 14:03:34,067 autoreload 25040 11108 Watching for file changes with StatReloader
INFO 2025-03-28 14:03:43,560 autoreload 25040 11108 C:\Users\hiten\OneDrive\Desktop\Hiten\Practice\celery_proj\file_processor\views.py changed, reloading.
INFO 2025-03-28 14:03:44,921 autoreload 32616 24268 Watching for file changes with StatReloader
INFO 2025-03-28 14:03:50,100 autoreload 32616 24268 C:\Users\hiten\OneDrive\Desktop\Hiten\Practice\celery_proj\file_processor\views.py changed, reloading.
INFO 2025-03-28 14:03:51,352 autoreload 13444 36092 Watching for file changes with StatReloader
INFO 2025-03-28 14:03:56,408 autoreload 13444 36092 C:\Users\hiten\OneDrive\Desktop\Hiten\Practice\celery_proj\file_processor\views.py changed, reloading.
INFO 2025-03-28 14:03:57,659 autoreload 14052 27180 Watching for file changes with StatReloader
INFO 2025-03-28 14:04:00,540 autoreload 14052 27180 C:\Users\hiten\OneDrive\Desktop\Hiten\Practice\celery_proj\file_processor\views.py changed, reloading.
INFO 2025-03-28 14:04:01,628 autoreload 14828 16096 Watching for file changes with StatReloader
INFO 2025-03-28 14:04:03,394 autoreload 14828 16096 C:\Users\hiten\OneDrive\Desktop\Hiten\Practice\celery_proj\file_processor\views.py changed, reloading.
INFO 2025-03-28 14:04:04,456 autoreload 30472 21812 Watching for file changes with StatReloader
INFO 2025-03-28 14:04:10,496 autoreload 30472 21812 C:\Users\hiten\OneDrive\Desktop\Hiten\Practice\celery_proj\file_processor\views.py changed, reloading.
INFO 2025-03-28 14:04:11,485 autoreload 11736 17524 Watching for file changes with StatReloader
INFO 2025-03-28 14:04:23,101 autoreload 11736 17524 C:\Users\hiten\OneDrive\Desktop\Hiten\Practice\celery_proj\file_processor\urls.py changed, reloading.
INFO 2025-03-28 14:04:24,300 autoreload 28240 19644 Watching for file changes with StatReloader
INFO 2025-03-28 14:04:26,081 autoreload 28240 19644 C:\Users\hiten\OneDrive\Desktop\Hiten\Practice\celery_proj\file_processor\urls.py changed, reloading.
INFO 2025-03-28 14:04:27,209 autoreload 33900 6224 Watching for file changes with StatReloader
INFO 2025-03-28 14:04:29,737 autoreload 33900 6224 C:\Users\hiten\OneDrive\Desktop\Hiten\Practice\celery_proj\file_processor\urls.py changed, reloading.
INFO 2025-03-28 14:04:30,876 autoreload 39484 15624 Watching for file changes with StatReloader
INFO 2025-03-28 14:04:34,540 autoreload 39484 15624 C:\Users\hiten\OneDrive\Desktop\Hiten\Practice\celery_proj\file_processor\urls.py changed, reloading.
INFO 2025-03-28 14:04:35,640 autoreload 33436 39876 Watching for file changes with StatReloader
INFO 2025-03-28 14:04:40,283 autoreload 33436 39876 C:\Users\hiten\OneDrive\Desktop\Hiten\Practice\celery_proj\file_processor\urls.py changed, reloading.
INFO 2025-03-28 14:04:41,318 autoreload 41244 36768 Watching for file changes with StatReloader
INFO 2025-03-28 14:04:42,835 autoreload 41244 36768 C:\Users\hiten\OneDrive\Desktop\Hiten\Practice\celery_proj\file_processor\urls.py changed, reloading.
INFO 2025-03-28 14:04:43,904 autoreload 38936 37380 Watching for file changes with StatReloader
INFO 2025-03-28 14:04:49,727 autoreload 38936 37380 C:\Users\hiten\OneDrive\Desktop\Hiten\Practice\celery_proj\file_processor\urls.py changed, reloading.
INFO 2025-03-28 14:04:50,946 autoreload 42252 30480 Watching for file changes with StatReloader
INFO 2025-03-28 14:04:55,614 autoreload 42252 30480 C:\Users\hiten\OneDrive\Desktop\Hiten\Practice\celery_proj\file_processor\urls.py changed, reloading.
INFO 2025-03-28 14:04:56,663 autoreload 4152 19256 Watching for file changes with StatReloader
INFO 2025-03-28 14:05:15,939 basehttp 4152 29408 "GET /file/test/ HTTP/1.1" 200 5171
INFO 2025-03-28 14:05:15,956 basehttp 4152 40048 "GET /static/rest_framework/css/bootstrap-tweaks.css HTTP/1.1" 304 0
INFO 2025-03-28 14:05:15,958 basehttp 4152 29408 "GET /static/rest_framework/css/bootstrap.min.css HTTP/1.1" 304 0
INFO 2025-03-28 14:05:15,960 basehttp 4152 40048 "GET /static/rest_framework/js/csrf.js HTTP/1.1" 304 0
INFO 2025-03-28 14:05:15,962 basehttp 4152 29408 "GET /static/rest_framework/js/bootstrap.min.js HTTP/1.1" 304 0
INFO 2025-03-28 14:05:15,964 basehttp 4152 40048 "GET /static/rest_framework/js/prettify-min.js HTTP/1.1" 304 0
INFO 2025-03-28 14:05:15,965 basehttp 4152 29408 "GET /static/rest_framework/js/default.js HTTP/1.1" 304 0
INFO 2025-03-28 14:05:15,966 basehttp 4152 10716 "GET /static/rest_framework/css/prettify.css HTTP/1.1" 304 0
INFO 2025-03-28 14:05:15,967 basehttp 4152 40048 "GET /static/rest_framework/js/load-ajax-form.js HTTP/1.1" 304 0
INFO 2025-03-28 14:05:15,968 basehttp 4152 19272 "GET /static/rest_framework/css/default.css HTTP/1.1" 304 0
INFO 2025-03-28 14:05:15,978 basehttp 4152 19272 "GET /static/rest_framework/img/grid.png HTTP/1.1" 304 0
INFO 2025-03-28 14:05:15,986 basehttp 4152 12268 "GET /static/rest_framework/js/jquery-3.7.1.min.js HTTP/1.1" 304 0
INFO 2025-03-28 14:05:15,991 basehttp 4152 20824 "GET /static/rest_framework/js/ajax-form.js HTTP/1.1" 304 0
INFO 2025-03-28 14:06:27,243 autoreload 4152 19256 C:\Users\hiten\OneDrive\Desktop\Hiten\Practice\celery_proj\file_processor\views.py changed, reloading.
INFO 2025-03-28 14:06:28,672 autoreload 21188 19140 Watching for file changes with StatReloader
INFO 2025-03-28 14:06:34,783 autoreload 21188 19140 C:\Users\hiten\OneDrive\Desktop\Hiten\Practice\celery_proj\file_processor\views.py changed, reloading.
INFO 2025-03-28 14:06:35,991 autoreload 19844 22368 Watching for file changes with StatReloader
INFO 2025-03-28 14:06:37,856 autoreload 19844 22368 C:\Users\hiten\OneDrive\Desktop\Hiten\Practice\celery_proj\file_processor\views.py changed, reloading.
INFO 2025-03-28 14:06:39,104 autoreload 37108 37936 Watching for file changes with StatReloader
INFO 2025-03-28 14:06:44,125 autoreload 37108 37936 C:\Users\hiten\OneDrive\Desktop\Hiten\Practice\celery_proj\file_processor\views.py changed, reloading.
INFO 2025-03-28 14:06:45,286 autoreload 30792 24472 Watching for file changes with StatReloader
INFO 2025-03-28 14:07:23,822 basehttp 30792 35932 "GET /file/test/ HTTP/1.1" 200 5171
INFO 2025-03-28 14:08:39,507 autoreload 30792 24472 C:\Users\hiten\OneDrive\Desktop\Hiten\Practice\celery_proj\file_processor\views.py changed, reloading.
INFO 2025-03-28 14:08:40,614 autoreload 20960 19072 Watching for file changes with StatReloader
INFO 2025-03-28 14:11:52,631 autoreload 20960 19072 C:\Users\hiten\OneDrive\Desktop\Hiten\Practice\celery_proj\file_processor\views.py changed, reloading.
INFO 2025-03-28 14:11:53,834 autoreload 31608 18364 Watching for file changes with StatReloader
INFO 2025-03-28 14:11:55,586 autoreload 31608 18364 C:\Users\hiten\OneDrive\Desktop\Hiten\Practice\celery_proj\file_processor\views.py changed, reloading.
INFO 2025-03-28 14:11:56,796 autoreload 22216 34684 Watching for file changes with StatReloader
INFO 2025-03-28 14:12:53,724 basehttp 22216 1584 "GET /file/test/ HTTP/1.1" 200 5171
INFO 2025-03-28 14:14:54,964 views 22216 1584 testing Logger!!!
INFO 2025-03-28 14:14:54,966 basehttp 22216 1584 "GET /home/ HTTP/1.1" 200 75
INFO 2025-03-28 14:20:38,338 autoreload 22216 34684 C:\Users\hiten\OneDrive\Desktop\Hiten\Practice\celery_proj\file_processor\views.py changed, reloading.
INFO 2025-03-28 14:20:39,760 autoreload 3340 37720 Watching for file changes with StatReloader
INFO 2025-03-28 14:22:31,687 basehttp 3340 23856 "GET /file/test/ HTTP/1.1" 200 5171
INFO 2025-03-28 14:28:20,692 autoreload 3340 37720 C:\Users\hiten\OneDrive\Desktop\Hiten\Practice\celery_proj\file_processor\tasks.py changed, reloading.
INFO 2025-03-28 14:28:21,922 autoreload 27504 14896 Watching for file changes with StatReloader
INFO 2025-03-28 14:28:27,990 autoreload 27504 14896 C:\Users\hiten\OneDrive\Desktop\Hiten\Practice\celery_proj\file_processor\tasks.py changed, reloading.
INFO 2025-03-28 14:28:29,238 autoreload 42828 22676 Watching for file changes with StatReloader
INFO 2025-03-28 14:28:57,105 basehttp 42828 39844 "GET /file/test/ HTTP/1.1" 200 5171
INFO 2025-03-28 14:31:07,602 autoreload 42828 22676 C:\Users\hiten\OneDrive\Desktop\Hiten\Practice\celery_proj\file_processor\tasks.py changed, reloading.
INFO 2025-03-28 14:31:08,747 autoreload 13032 12720 Watching for file changes with StatReloader
INFO 2025-03-28 14:31:11,255 autoreload 13032 12720 C:\Users\hiten\OneDrive\Desktop\Hiten\Practice\celery_proj\file_processor\tasks.py changed, reloading.
INFO 2025-03-28 14:31:12,303 autoreload 14696 14868 Watching for file changes with StatReloader
INFO 2025-03-28 14:31:13,664 autoreload 14696 14868 C:\Users\hiten\OneDrive\Desktop\Hiten\Practice\celery_proj\file_processor\tasks.py changed, reloading.
INFO 2025-03-28 14:31:14,879 autoreload 12168 14084 Watching for file changes with StatReloader
INFO 2025-03-28 14:31:17,384 autoreload 12168 14084 C:\Users\hiten\OneDrive\Desktop\Hiten\Practice\celery_proj\file_processor\tasks.py changed, reloading.
INFO 2025-03-28 14:31:18,688 autoreload 28860 26744 Watching for file changes with StatReloader
INFO 2025-03-28 14:31:46,770 autoreload 28860 26744 C:\Users\hiten\OneDrive\Desktop\Hiten\Practice\celery_proj\file_processor\tasks.py changed, reloading.
INFO 2025-03-28 14:31:47,816 autoreload 9888 8508 Watching for file changes with StatReloader
INFO 2025-03-28 14:31:52,470 autoreload 9888 8508 C:\Users\hiten\OneDrive\Desktop\Hiten\Practice\celery_proj\file_processor\tasks.py changed, reloading.
INFO 2025-03-28 14:31:53,603 autoreload 7076 24996 Watching for file changes with StatReloader
INFO 2025-03-28 14:34:14,513 basehttp 7076 15624 "GET /file/test/ HTTP/1.1" 200 5171
INFO 2025-03-28 14:41:13,562 basehttp 7076 6328 "GET /file/test/ HTTP/1.1" 200 5171
INFO 2025-03-28 14:41:27,280 autoreload 7076 24996 C:\Users\hiten\OneDrive\Desktop\Hiten\Practice\celery_proj\file_processor\tasks.py changed, reloading.
INFO 2025-03-28 14:41:28,355 autoreload 39132 42188 Watching for file changes with StatReloader
INFO 2025-03-28 14:41:42,138 autoreload 39132 42188 C:\Users\hiten\OneDrive\Desktop\Hiten\Practice\celery_proj\file_processor\tasks.py changed, reloading.
INFO 2025-03-28 14:41:43,149 autoreload 42448 39372 Watching for file changes with StatReloader
INFO 2025-03-28 14:41:47,331 autoreload 42448 39372 C:\Users\hiten\OneDrive\Desktop\Hiten\Practice\celery_proj\file_processor\tasks.py changed, reloading.
INFO 2025-03-28 14:41:48,691 autoreload 3116 23544 Watching for file changes with StatReloader
INFO 2025-03-28 14:41:54,248 basehttp 3116 34588 "GET /file/test/ HTTP/1.1" 200 5171
INFO 2025-03-28 14:42:22,123 autoreload 3116 23544 C:\Users\hiten\OneDrive\Desktop\Hiten\Practice\celery_proj\file_processor\tasks.py changed, reloading.
INFO 2025-03-28 14:42:23,237 autoreload 16820 25320 Watching for file changes with StatReloader
INFO 2025-03-28 14:42:30,917 basehttp 16820 17676 "GET /file/test/ HTTP/1.1" 200 5171
INFO 2025-03-28 14:47:05,612 basehttp 16820 17676 "GET /file/test/ HTTP/1.1" 200 5171
INFO 2025-03-28 14:55:57,126 autoreload 16820 25320 C:\Users\hiten\OneDrive\Desktop\Hiten\Practice\celery_proj\file_processor\views.py changed, reloading.
INFO 2025-03-28 14:55:58,519 autoreload 20536 25272 Watching for file changes with StatReloader
INFO 2025-03-28 14:56:01,451 autoreload 20536 25272 C:\Users\hiten\OneDrive\Desktop\Hiten\Practice\celery_proj\file_processor\views.py changed, reloading.
INFO 2025-03-28 14:56:03,057 autoreload 26948 25732 Watching for file changes with StatReloader
INFO 2025-03-28 14:56:08,209 autoreload 26948 25732 C:\Users\hiten\OneDrive\Desktop\Hiten\Practice\celery_proj\file_processor\views.py changed, reloading.
INFO 2025-03-28 14:56:09,295 autoreload 23876 35992 Watching for file changes with StatReloader
INFO 2025-03-28 14:56:14,377 autoreload 23876 35992 C:\Users\hiten\OneDrive\Desktop\Hiten\Practice\celery_proj\file_processor\views.py changed, reloading.
INFO 2025-03-28 14:56:15,654 autoreload 25412 9064 Watching for file changes with StatReloader
INFO 2025-03-28 14:56:19,302 autoreload 25412 9064 C:\Users\hiten\OneDrive\Desktop\Hiten\Practice\celery_proj\file_processor\views.py changed, reloading.
INFO 2025-03-28 14:56:20,352 autoreload 36876 2844 Watching for file changes with StatReloader
INFO 2025-03-28 14:56:25,450 autoreload 36876 2844 C:\Users\hiten\OneDrive\Desktop\Hiten\Practice\celery_proj\file_processor\views.py changed, reloading.
INFO 2025-03-28 14:56:26,642 autoreload 31664 26484 Watching for file changes with StatReloader
INFO 2025-03-28 14:56:30,771 autoreload 31664 26484 C:\Users\hiten\OneDrive\Desktop\Hiten\Practice\celery_proj\file_processor\views.py changed, reloading.
INFO 2025-03-28 14:56:31,924 autoreload 5412 14268 Watching for file changes with StatReloader
INFO 2025-03-28 14:56:33,646 autoreload 5412 14268 C:\Users\hiten\OneDrive\Desktop\Hiten\Practice\celery_proj\file_processor\views.py changed, reloading.
INFO 2025-03-28 14:56:34,854 autoreload 42404 24604 Watching for file changes with StatReloader
ERROR 2025-03-28 14:56:47,532 log 42404 1264 Internal Server Error: /file/test/
Traceback (most recent call last):
  File "C:\Users\hiten\OneDrive\Desktop\Hiten\Practice\celery_proj\env\Lib\site-packages\django\core\handlers\exception.py", line 55, in inner
    response = get_response(request)
  File "C:\Users\hiten\OneDrive\Desktop\Hiten\Practice\celery_proj\env\Lib\site-packages\django\core\handlers\base.py", line 197, in _get_response
    response = wrapped_callback(request, *callback_args, **callback_kwargs)
  File "C:\Users\hiten\OneDrive\Desktop\Hiten\Practice\celery_proj\env\Lib\site-packages\django\views\decorators\csrf.py", line 65, in _view_wrapper
    return view_func(request, *args, **kwargs)
  File "C:\Users\hiten\OneDrive\Desktop\Hiten\Practice\celery_proj\env\Lib\site-packages\django\views\generic\base.py", line 104, in view
    return self.dispatch(request, *args, **kwargs)
           ~~~~~~~~~~~~~^^^^^^^^^^^^^^^^^^^^^^^^^^
  File "C:\Users\hiten\OneDrive\Desktop\Hiten\Practice\celery_proj\env\Lib\site-packages\rest_framework\views.py", line 509, in dispatch
    response = self.handle_exception(exc)
  File "C:\Users\hiten\OneDrive\Desktop\Hiten\Practice\celery_proj\env\Lib\site-packages\rest_framework\views.py", line 469, in handle_exception
    self.raise_uncaught_exception(exc)
    ~~~~~~~~~~~~~~~~~~~~~~~~~~~~~^^^^^
  File "C:\Users\hiten\OneDrive\Desktop\Hiten\Practice\celery_proj\env\Lib\site-packages\rest_framework\views.py", line 480, in raise_uncaught_exception
    raise exc
  File "C:\Users\hiten\OneDrive\Desktop\Hiten\Practice\celery_proj\env\Lib\site-packages\rest_framework\views.py", line 506, in dispatch
    response = handler(request, *args, **kwargs)
  File "C:\Users\hiten\OneDrive\Desktop\Hiten\Practice\celery_proj\file_processor\views.py", line 41, in get
    result = cal_sum.apply_async(10, 20)
  File "C:\Users\hiten\OneDrive\Desktop\Hiten\Practice\celery_proj\env\Lib\site-packages\celery\app\task.py", line 559, in apply_async
    check_arguments(*(args or ()), **(kwargs or {}))
    ~~~~~~~~~~~~~~~^^^^^^^^^^^^^^^^^^^^^^^^^^^^^^^^^
TypeError: file_processor.tasks.cal_sum() argument after ** must be a mapping, not int
ERROR 2025-03-28 14:56:47,536 basehttp 42404 1264 "GET /file/test/ HTTP/1.1" 500 101077
INFO 2025-03-28 14:57:22,833 autoreload 42404 24604 C:\Users\hiten\OneDrive\Desktop\Hiten\Practice\celery_proj\file_processor\views.py changed, reloading.
INFO 2025-03-28 14:57:24,076 autoreload 12008 40204 Watching for file changes with StatReloader
INFO 2025-03-28 14:57:26,599 autoreload 12008 40204 C:\Users\hiten\OneDrive\Desktop\Hiten\Practice\celery_proj\file_processor\views.py changed, reloading.
INFO 2025-03-28 14:57:27,721 autoreload 37072 17012 Watching for file changes with StatReloader
ERROR 2025-03-28 14:57:41,562 log 37072 35748 Internal Server Error: /file/test/
Traceback (most recent call last):
  File "C:\Users\hiten\OneDrive\Desktop\Hiten\Practice\celery_proj\env\Lib\site-packages\django\core\handlers\exception.py", line 55, in inner
    response = get_response(request)
  File "C:\Users\hiten\OneDrive\Desktop\Hiten\Practice\celery_proj\env\Lib\site-packages\django\core\handlers\base.py", line 197, in _get_response
    response = wrapped_callback(request, *callback_args, **callback_kwargs)
  File "C:\Users\hiten\OneDrive\Desktop\Hiten\Practice\celery_proj\env\Lib\site-packages\django\views\decorators\csrf.py", line 65, in _view_wrapper
    return view_func(request, *args, **kwargs)
  File "C:\Users\hiten\OneDrive\Desktop\Hiten\Practice\celery_proj\env\Lib\site-packages\django\views\generic\base.py", line 104, in view
    return self.dispatch(request, *args, **kwargs)
           ~~~~~~~~~~~~~^^^^^^^^^^^^^^^^^^^^^^^^^^
  File "C:\Users\hiten\OneDrive\Desktop\Hiten\Practice\celery_proj\env\Lib\site-packages\rest_framework\views.py", line 509, in dispatch
    response = self.handle_exception(exc)
  File "C:\Users\hiten\OneDrive\Desktop\Hiten\Practice\celery_proj\env\Lib\site-packages\rest_framework\views.py", line 469, in handle_exception
    self.raise_uncaught_exception(exc)
    ~~~~~~~~~~~~~~~~~~~~~~~~~~~~~^^^^^
  File "C:\Users\hiten\OneDrive\Desktop\Hiten\Practice\celery_proj\env\Lib\site-packages\rest_framework\views.py", line 480, in raise_uncaught_exception
    raise exc
  File "C:\Users\hiten\OneDrive\Desktop\Hiten\Practice\celery_proj\env\Lib\site-packages\rest_framework\views.py", line 506, in dispatch
    response = handler(request, *args, **kwargs)
  File "C:\Users\hiten\OneDrive\Desktop\Hiten\Practice\celery_proj\file_processor\views.py", line 41, in get
    result = cal_sum.apply_async(10, 20)
  File "C:\Users\hiten\OneDrive\Desktop\Hiten\Practice\celery_proj\env\Lib\site-packages\celery\app\task.py", line 559, in apply_async
    check_arguments(*(args or ()), **(kwargs or {}))
    ~~~~~~~~~~~~~~~^^^^^^^^^^^^^^^^^^^^^^^^^^^^^^^^^
TypeError: file_processor.tasks.cal_sum() argument after ** must be a mapping, not int
ERROR 2025-03-28 14:57:41,565 basehttp 37072 35748 "GET /file/test/ HTTP/1.1" 500 101344
WARNING 2025-03-28 14:57:41,647 log 37072 35748 Not Found: /favicon.ico
WARNING 2025-03-28 14:57:41,648 basehttp 37072 35748 "GET /favicon.ico HTTP/1.1" 404 2988
INFO 2025-03-28 14:58:26,928 autoreload 37072 17012 C:\Users\hiten\OneDrive\Desktop\Hiten\Practice\celery_proj\file_processor\views.py changed, reloading.
INFO 2025-03-28 14:58:28,110 autoreload 29452 2408 Watching for file changes with StatReloader
INFO 2025-03-28 14:58:29,676 autoreload 29452 2408 C:\Users\hiten\OneDrive\Desktop\Hiten\Practice\celery_proj\file_processor\views.py changed, reloading.
INFO 2025-03-28 14:58:30,680 autoreload 27140 21124 Watching for file changes with StatReloader
INFO 2025-03-28 14:58:37,988 basehttp 27140 1592 "GET /file/test/ HTTP/1.1" 200 5145
INFO 2025-03-28 14:59:40,746 autoreload 27140 21124 C:\Users\hiten\OneDrive\Desktop\Hiten\Practice\celery_proj\file_processor\views.py changed, reloading.
INFO 2025-03-28 14:59:41,928 autoreload 31384 29636 Watching for file changes with StatReloader
INFO 2025-03-28 14:59:43,373 autoreload 31384 29636 C:\Users\hiten\OneDrive\Desktop\Hiten\Practice\celery_proj\file_processor\views.py changed, reloading.
INFO 2025-03-28 14:59:44,545 autoreload 36620 31348 Watching for file changes with StatReloader
INFO 2025-03-28 14:59:46,017 autoreload 36620 31348 C:\Users\hiten\OneDrive\Desktop\Hiten\Practice\celery_proj\file_processor\views.py changed, reloading.
INFO 2025-03-28 14:59:47,188 autoreload 32900 17456 Watching for file changes with StatReloader
INFO 2025-03-28 14:59:59,213 basehttp 32900 31248 "GET /file/test/ HTTP/1.1" 200 5145
INFO 2025-03-28 15:00:26,622 autoreload 32900 17456 C:\Users\hiten\OneDrive\Desktop\Hiten\Practice\celery_proj\file_processor\views.py changed, reloading.
INFO 2025-03-28 15:00:27,695 autoreload 22532 10596 Watching for file changes with StatReloader
ERROR 2025-03-28 15:00:32,711 log 22532 13028 Internal Server Error: /file/test/
Traceback (most recent call last):
  File "C:\Users\hiten\OneDrive\Desktop\Hiten\Practice\celery_proj\env\Lib\site-packages\django\core\handlers\exception.py", line 55, in inner
    response = get_response(request)
  File "C:\Users\hiten\OneDrive\Desktop\Hiten\Practice\celery_proj\env\Lib\site-packages\django\core\handlers\base.py", line 197, in _get_response
    response = wrapped_callback(request, *callback_args, **callback_kwargs)
  File "C:\Users\hiten\OneDrive\Desktop\Hiten\Practice\celery_proj\env\Lib\site-packages\django\views\decorators\csrf.py", line 65, in _view_wrapper
    return view_func(request, *args, **kwargs)
  File "C:\Users\hiten\OneDrive\Desktop\Hiten\Practice\celery_proj\env\Lib\site-packages\django\views\generic\base.py", line 104, in view
    return self.dispatch(request, *args, **kwargs)
           ~~~~~~~~~~~~~^^^^^^^^^^^^^^^^^^^^^^^^^^
  File "C:\Users\hiten\OneDrive\Desktop\Hiten\Practice\celery_proj\env\Lib\site-packages\rest_framework\views.py", line 509, in dispatch
    response = self.handle_exception(exc)
  File "C:\Users\hiten\OneDrive\Desktop\Hiten\Practice\celery_proj\env\Lib\site-packages\rest_framework\views.py", line 469, in handle_exception
    self.raise_uncaught_exception(exc)
    ~~~~~~~~~~~~~~~~~~~~~~~~~~~~~^^^^^
  File "C:\Users\hiten\OneDrive\Desktop\Hiten\Practice\celery_proj\env\Lib\site-packages\rest_framework\views.py", line 480, in raise_uncaught_exception
    raise exc
  File "C:\Users\hiten\OneDrive\Desktop\Hiten\Practice\celery_proj\env\Lib\site-packages\rest_framework\views.py", line 506, in dispatch
    response = handler(request, *args, **kwargs)
  File "C:\Users\hiten\OneDrive\Desktop\Hiten\Practice\celery_proj\file_processor\views.py", line 43, in get
    print(result.response)
          ^^^^^^^^^^^^^^^
AttributeError: 'AsyncResult' object has no attribute 'response'
ERROR 2025-03-28 15:00:32,716 basehttp 22532 13028 "GET /file/test/ HTTP/1.1" 500 95636
INFO 2025-03-28 15:00:37,370 autoreload 22532 10596 C:\Users\hiten\OneDrive\Desktop\Hiten\Practice\celery_proj\file_processor\views.py changed, reloading.
INFO 2025-03-28 15:00:38,742 autoreload 35108 20148 Watching for file changes with StatReloader
INFO 2025-03-28 15:01:32,527 autoreload 35108 20148 C:\Users\hiten\OneDrive\Desktop\Hiten\Practice\celery_proj\file_processor\views.py changed, reloading.
INFO 2025-03-28 15:01:33,842 autoreload 4852 35772 Watching for file changes with StatReloader
INFO 2025-03-28 15:01:37,746 basehttp 4852 4564 "GET /file/test/ HTTP/1.1" 200 5145
INFO 2025-03-28 15:01:37,907 basehttp 4852 4564 "GET /static/rest_framework/css/bootstrap.min.css HTTP/1.1" 200 121457
INFO 2025-03-28 15:01:37,910 basehttp 4852 4564 "GET /static/rest_framework/js/csrf.js HTTP/1.1" 200 1793
INFO 2025-03-28 15:01:37,913 basehttp 4852 4564 "GET /static/rest_framework/js/bootstrap.min.js HTTP/1.1" 200 39680
INFO 2025-03-28 15:01:37,917 basehttp 4852 4564 "GET /static/rest_framework/js/prettify-min.js HTTP/1.1" 200 13632
INFO 2025-03-28 15:01:37,920 basehttp 4852 4564 "GET /static/rest_framework/js/default.js HTTP/1.1" 200 1268
INFO 2025-03-28 15:01:37,924 basehttp 4852 4564 "GET /static/rest_framework/js/load-ajax-form.js HTTP/1.1" 200 59
INFO 2025-03-28 15:01:37,967 basehttp 4852 33132 "GET /static/rest_framework/css/bootstrap-tweaks.css HTTP/1.1" 200 3426
INFO 2025-03-28 15:01:37,970 basehttp 4852 42688 "GET /static/rest_framework/css/prettify.css HTTP/1.1" 200 817
INFO 2025-03-28 15:01:37,996 basehttp 4852 25364 "GET /static/rest_framework/css/default.css HTTP/1.1" 200 1152
INFO 2025-03-28 15:01:38,003 basehttp 4852 25364 "GET /static/rest_framework/img/grid.png HTTP/1.1" 200 1458
INFO 2025-03-28 15:01:38,029 basehttp 4852 16032 "GET /static/rest_framework/js/ajax-form.js HTTP/1.1" 200 3796
INFO 2025-03-28 15:01:38,030 basehttp 4852 36036 "GET /static/rest_framework/js/jquery-3.7.1.min.js HTTP/1.1" 200 87533
WARNING 2025-03-28 15:01:38,076 log 4852 36036 Not Found: /favicon.ico
WARNING 2025-03-28 15:01:38,076 basehttp 4852 36036 "GET /favicon.ico HTTP/1.1" 404 2988
INFO 2025-03-28 15:01:40,195 basehttp 4852 36036 "GET /file/test/ HTTP/1.1" 200 5145
INFO 2025-03-28 15:01:50,967 autoreload 4852 35772 C:\Users\hiten\OneDrive\Desktop\Hiten\Practice\celery_proj\file_processor\views.py changed, reloading.
INFO 2025-03-28 15:01:52,140 autoreload 39736 41508 Watching for file changes with StatReloader
INFO 2025-03-28 15:01:57,281 basehttp 39736 27364 "GET /file/test/ HTTP/1.1" 200 5145
INFO 2025-03-28 15:02:35,119 autoreload 39736 41508 C:\Users\hiten\OneDrive\Desktop\Hiten\Practice\celery_proj\file_processor\views.py changed, reloading.
INFO 2025-03-28 15:02:36,396 autoreload 24740 16284 Watching for file changes with StatReloader
INFO 2025-03-28 15:03:36,325 autoreload 24740 16284 C:\Users\hiten\OneDrive\Desktop\Hiten\Practice\celery_proj\file_processor\views.py changed, reloading.
INFO 2025-03-28 15:03:37,797 autoreload 11008 17600 Watching for file changes with StatReloader
INFO 2025-03-28 15:03:50,649 basehttp 11008 22964 "POST /file/upload/ HTTP/1.1" 200 123
WARNING 2025-03-28 15:04:09,287 log 11008 20452 Not Found: /file/upload/10
WARNING 2025-03-28 15:04:09,288 basehttp 11008 20452 "GET /file/upload/10 HTTP/1.1" 404 3641
INFO 2025-03-28 15:04:23,157 basehttp 11008 20452 "GET /file/status/10 HTTP/1.1" 200 6593
INFO 2025-03-28 15:24:44,769 autoreload 11008 17600 C:\Users\hiten\OneDrive\Desktop\Hiten\Practice\celery_proj\file_processor\tasks.py changed, reloading.
INFO 2025-03-28 15:24:46,132 autoreload 38960 31692 Watching for file changes with StatReloader
INFO 2025-03-28 15:25:49,673 basehttp 38960 11364 "GET /admin/file_processor/uploadedfile/ HTTP/1.1" 200 16204
INFO 2025-03-28 15:25:49,693 basehttp 38960 11364 "GET /static/admin/css/base.css HTTP/1.1" 304 0
INFO 2025-03-28 15:25:49,698 basehttp 38960 11364 "GET /static/admin/css/responsive.css HTTP/1.1" 304 0
INFO 2025-03-28 15:25:49,696 basehttp 38960 20824 "GET /static/admin/css/dark_mode.css HTTP/1.1" 304 0
INFO 2025-03-28 15:25:49,703 basehttp 38960 11364 "GET /static/admin/js/jquery.init.js HTTP/1.1" 304 0
INFO 2025-03-28 15:25:49,703 basehttp 38960 20824 "GET /static/admin/js/vendor/jquery/jquery.js HTTP/1.1" 304 0
INFO 2025-03-28 15:25:49,706 basehttp 38960 20824 "GET /static/admin/js/admin/RelatedObjectLookups.js HTTP/1.1" 304 0
INFO 2025-03-28 15:25:49,706 basehttp 38960 11364 "GET /static/admin/js/core.js HTTP/1.1" 304 0
INFO 2025-03-28 15:25:49,708 basehttp 38960 11364 "GET /static/admin/js/actions.js HTTP/1.1" 304 0
INFO 2025-03-28 15:25:49,710 basehttp 38960 11364 "GET /static/admin/js/prepopulate.js HTTP/1.1" 304 0
INFO 2025-03-28 15:25:49,712 basehttp 38960 20824 "GET /static/admin/js/urlify.js HTTP/1.1" 304 0
INFO 2025-03-28 15:25:49,713 basehttp 38960 11364 "GET /static/admin/js/vendor/xregexp/xregexp.js HTTP/1.1" 304 0
INFO 2025-03-28 15:25:49,720 basehttp 38960 24496 "GET /static/admin/css/nav_sidebar.css HTTP/1.1" 304 0
INFO 2025-03-28 15:25:49,723 basehttp 38960 8180 "GET /static/admin/js/theme.js HTTP/1.1" 304 0
INFO 2025-03-28 15:25:49,725 basehttp 38960 25728 "GET /static/admin/css/changelists.css HTTP/1.1" 304 0
INFO 2025-03-28 15:25:49,727 basehttp 38960 25728 "GET /static/admin/js/nav_sidebar.js HTTP/1.1" 304 0
INFO 2025-03-28 15:25:49,731 basehttp 38960 25728 "GET /static/admin/js/filters.js HTTP/1.1" 304 0
INFO 2025-03-28 15:25:49,733 basehttp 38960 32748 "GET /admin/jsi18n/ HTTP/1.1" 200 3342
INFO 2025-03-28 15:25:49,761 basehttp 38960 25728 "GET /static/admin/img/tooltag-add.svg HTTP/1.1" 304 0
INFO 2025-03-28 15:25:49,761 basehttp 38960 32748 "GET /static/admin/img/icon-addlink.svg HTTP/1.1" 304 0
INFO 2025-03-28 15:25:51,566 basehttp 38960 32748 "GET /admin/file_processor/uploadedfile/10/change/ HTTP/1.1" 200 15596
INFO 2025-03-28 15:25:51,576 basehttp 38960 32748 "GET /static/admin/css/forms.css HTTP/1.1" 304 0
INFO 2025-03-28 15:25:51,580 basehttp 38960 32748 "GET /static/admin/css/widgets.css HTTP/1.1" 304 0
INFO 2025-03-28 15:25:51,581 basehttp 38960 8180 "GET /static/admin/js/prepopulate_init.js HTTP/1.1" 304 0
INFO 2025-03-28 15:25:51,587 basehttp 38960 25728 "GET /admin/jsi18n/ HTTP/1.1" 200 3342
INFO 2025-03-28 15:25:51,597 basehttp 38960 8180 "GET /static/admin/js/change_form.js HTTP/1.1" 304 0
